<?xml version="1.0" encoding="UTF-8"?>
<!-- Generated by org.testng.reporters.JUnitReportReporter -->
<testsuite hostname="IN-B48C0F3" failures="0" tests="1" name="Basic.MyScript" time="35.729" errors="0" timestamp="2024-05-06T16:34:04 IST" skipped="0">
  <testcase classname="Basic.MyScript" name="test" time="35.729"/>
  <system-out/>
</testsuite> <!-- Basic.MyScript -->
